
27-12-2014 19:35:17: New game started with players Patrick and Zera
27-12-2014 19:46:52: Game won by Patrick

27-12-2014 19:47:00: New game started with players Patrick and Zera
27-12-2014 19:53:55: Game won by Patrick

27-12-2014 19:54:13: New game started with players Patrick and Zera
27-12-2014 20:01:19: Game won by Patrick

27-12-2014 20:01:23: New game started with players Patrick and Zera

27-12-2014 21:22:42: New game started with players Patrick and Herman
27-12-2014 21:31:43: Game won by Patrick

27-12-2014 21:31:49: New game started with players Patrick and Herman
27-12-2014 22:39:34: Game won by Herman

27-12-2014 22:39:42: New game started with players Patrick and Herman
27-12-2014 23:07:19: Game won by Herman

27-12-2014 23:07:31: New game started with players Patrick and Herman

27-12-2014 23:55:21: New game started with players Patrick and Zera
28-12-2014 00:06:11: Game won by Zera

28-12-2014 00:06:13: New game started with players Patrick and Zera
28-12-2014 00:13:37: Game won by Patrick

28-12-2014 00:13:49: New game started with players Patrick and Zera

01-01-2015 16:08:14: New game started with players Herman, Cor and Patrick
01-01-2015 16:21:56: Game won by Patrick

01-01-2015 16:23:37: New game started with players Cor and Patrick
01-01-2015 16:32:42: Game won by Patrick

01-01-2015 16:33:37: New game started with players Patrick, Cor and Zera
01-01-2015 16:43:54: Game won by Patrick

01-01-2015 16:44:18: New game started with players Patrick, Cor and Zera
01-01-2015 16:45:20: Game won by Cor

01-01-2015 16:45:30: New game started with players Patrick, Cor and Zera

01-01-2015 16:49:32: New game started with players Patrick and Cor
01-01-2015 16:58:33: Game won by Patrick

01-01-2015 16:59:00: New game started with players Patrick and Cor
01-01-2015 17:08:51: Game won by Patrick

01-01-2015 17:09:36: New game started with players Patrick and Cor

01-01-2015 17:17:25: New game started with players test
01-01-2015 17:17:53: Game won by test

01-01-2015 17:19:01: New game started with players test

01-01-2015 17:19:04: New game started with players test
01-01-2015 17:20:31: Game won by test

01-01-2015 17:20:33: New game started with players test
01-01-2015 17:20:56: Game won by test

01-01-2015 17:20:58: New game started with players test

01-01-2015 17:22:49: New game started with players Cor

01-01-2015 17:23:16: New game started with players Cor

01-01-2015 17:25:55: New game started with players Cor

01-01-2015 17:26:04: New game started with players Cor

01-01-2015 17:26:26: New game started with players Patrick, Zera and Herman

01-01-2015 17:26:54: New game started with players Patrick, Zera and Herman

01-01-2015 17:27:37: New game started with players Patrick, Zera and Herman

01-01-2015 17:28:37: New game started with players Patrick, Zera and Herman

01-01-2015 17:29:43: New game started with players Patrick, Zera and Herman

01-01-2015 17:30:05: New game started with players Patrick, Zera and Herman

01-01-2015 17:30:26: New game started with players Patrick, Zera and Herman

01-01-2015 17:31:05: New game started with players Patrick, Zera and Herman

01-01-2015 18:05:33: New game started with players Patrick, Zera and Herman

01-01-2015 18:08:54: New game started with players Patrick, Zera and Herman

01-01-2015 18:10:22: New game started with players Patrick, Zera and Herman

01-01-2015 18:13:01: New game started with players Patrick, Zera and Herman

01-01-2015 18:16:19: New game started with players Patrick, Zera and Herman

01-01-2015 18:17:07: New game started with players Patrick, Zera and Herman

01-01-2015 18:20:55: New game started with players Patrick, Zera and Herman

01-01-2015 18:23:51: New game started with players Patrick, Zera and Herman

01-01-2015 18:24:33: New game started with players Patrick, Zera and Herman

01-01-2015 18:25:24: New game started with players Patrick, Zera and Herman

01-01-2015 18:27:34: New game started with players Patrick, Zera and Herman

01-01-2015 18:27:52: New game started with players Patrick, Zera and Herman

01-01-2015 18:28:02: New game started with players Patrick, Zera and Herman

01-01-2015 18:28:11: New game started with players Patrick, Zera and Herman

01-01-2015 18:28:22: New game started with players Patrick, Zera and Herman

01-01-2015 18:28:31: New game started with players Patrick, Zera and Herman

01-01-2015 18:28:34: New game started with players Patrick, Zera and Herman

01-01-2015 18:30:01: New game started with players Patrick, Zera and Herman

01-01-2015 18:30:03: New game started with players Patrick, Zera and Herman

01-01-2015 18:30:18: New game started with players Patrick, Zera and Herman

01-01-2015 18:30:24: New game started with players Patrick, Zera and Herman

01-01-2015 18:30:31: New game started with players Patrick, Zera and Herman

01-01-2015 18:30:41: New game started with players Patrick, Zera and Herman

01-01-2015 18:30:42: New game started with players Patrick, Zera and Herman

01-01-2015 18:30:46: New game started with players Patrick, Zera and Herman

01-01-2015 18:31:01: New game started with players Patrick, Zera and Herman

01-01-2015 18:31:22: New game started with players Patrick, Zera and Herman

01-01-2015 18:31:25: New game started with players Patrick, Zera and Herman

01-01-2015 18:31:52: New game started with players Patrick, Zera and Herman

01-01-2015 18:31:58: New game started with players Patrick, Zera and Herman

01-01-2015 18:32:28: New game started with players Patrick, Zera and Herman

01-01-2015 18:32:55: New game started with players Patrick, Zera and Herman

01-01-2015 18:32:57: New game started with players Patrick, Zera and Herman

01-01-2015 18:33:06: New game started with players Patrick, Zera and Herman

01-01-2015 18:33:18: New game started with players Patrick, Zera and Herman

01-01-2015 18:33:28: New game started with players Patrick, Zera and Herman

01-01-2015 18:33:30: New game started with players Patrick, Zera and Herman

01-01-2015 18:33:41: New game started with players Patrick, Zera and Herman

01-01-2015 18:33:50: New game started with players Patrick, Zera and Herman

01-01-2015 18:34:16: New game started with players Patrick, Zera and Herman

01-01-2015 18:34:18: New game started with players Patrick, Zera and Herman

01-01-2015 18:34:38: New game started with players Patrick, Zera and Herman

01-01-2015 18:34:54: New game started with players Patrick, Zera and Herman

01-01-2015 18:37:03: New game started with players Patrick, Zera and Herman

01-01-2015 18:37:52: New game started with players Patrick, Zera and Herman

01-01-2015 18:37:55: New game started with players Patrick, Zera and Herman

01-01-2015 18:38:16: New game started with players Patrick, Zera and Herman

01-01-2015 18:38:18: New game started with players Patrick, Zera and Herman

01-01-2015 18:38:34: New game started with players Patrick, Zera and Herman

01-01-2015 18:38:43: New game started with players Patrick, Zera and Herman

01-01-2015 18:38:45: New game started with players Patrick, Zera and Herman

01-01-2015 18:38:55: New game started with players Patrick, Zera and Herman

01-01-2015 18:38:57: New game started with players Patrick, Zera and Herman

01-01-2015 18:40:19: New game started with players Patrick, Zera and Herman

01-01-2015 18:40:26: New game started with players Patrick, Zera and Herman

01-01-2015 18:40:47: New game started with players Patrick, Zera and Herman

01-01-2015 18:41:11: New game started with players Patrick, Zera and Herman

01-01-2015 18:41:22: New game started with players Patrick, Zera and Herman

01-01-2015 18:41:59: New game started with players Patrick, Zera and Herman

01-01-2015 18:42:07: New game started with players Patrick, Zera and Herman

01-01-2015 18:42:57: New game started with players Patrick, Zera and Herman

01-01-2015 18:43:10: New game started with players Patrick, Zera and Herman

01-01-2015 18:43:23: New game started with players Patrick, Zera and Herman

01-01-2015 18:43:35: New game started with players Patrick, Zera and Herman

01-01-2015 18:43:59: New game started with players Patrick, Zera and Herman

01-01-2015 18:44:13: New game started with players Patrick, Zera and Herman

01-01-2015 18:45:45: New game started with players Patrick, Zera and Herman

01-01-2015 18:46:09: New game started with players Patrick, Zera and Herman

01-01-2015 18:51:35: New game started with players Patrick, Zera and Herman

01-01-2015 18:52:06: New game started with players Patrick, Zera and Herman

01-01-2015 18:52:46: New game started with players Patrick, Zera and Herman

01-01-2015 18:53:30: New game started with players Patrick, Zera and Herman

01-01-2015 18:54:11: New game started with players Patrick, Zera and Herman

01-01-2015 18:54:28: New game started with players Patrick, Zera and Herman

01-01-2015 18:55:14: New game started with players Patrick, Zera and Herman

01-01-2015 18:55:44: New game started with players Patrick, Zera and Herman

01-01-2015 18:57:24: New game started with players Patrick, Zera and Herman

01-01-2015 18:58:01: New game started with players Patrick, Zera and Herman

01-01-2015 18:58:38: New game started with players Patrick, Zera and Herman

01-01-2015 18:59:08: New game started with players Patrick, Zera and Herman

01-01-2015 18:59:29: New game started with players Patrick, Zera and Herman

01-01-2015 19:00:59: New game started with players Patrick, Zera and Herman
